<?xml version="1.0" encoding="UTF-8"?>
<testsuite xmlns:xsi="http://www.w3.org/2001/XMLSchema-instance" xsi:noNamespaceSchemaLocation="https://maven.apache.org/surefire/maven-surefire-plugin/xsd/surefire-test-report-3.0.xsd" version="3.0" name="chatapp.IteratorTest" time="0.003" tests="1" errors="0" skipped="0" failures="0">
  <properties>
[...]
</properties>
  <testcase name="testIteratorFindsCorrectMessages" classname="chatapp.IteratorTest" time="0.001">
    <system-out><![CDATA[Mac received: [2025-11-10T03:39:50.528099500] Charlie: Hey Mac
Dennis received: [2025-11-10T03:39:50.528099500] Charlie: Hi Dennis
]]></system-out>
  </testcase>
</testsuite>